<?xml version="1.0" encoding="UTF-8"?>
<testsuite xmlns:xsi="http://www.w3.org/2001/XMLSchema-instance" xsi:noNamespaceSchemaLocation="https://maven.apache.org/surefire/maven-surefire-plugin/xsd/surefire-test-report.xsd" name="com.techbank.account.cmd.ApplicationTests" time="1.472" tests="1" errors="0" skipped="0" failures="0">
  <properties>
    <property name="java.specification.version" value="18"/>
    <property name="sun.jnu.encoding" value="UTF-8"/>
    <property name="java.class.path" value="/Users/arnabchakraborty/Desktop/SourceCode/bank-account/bank-account/account.cmd/target/test-classes:/Users/arnabchakraborty/Desktop/SourceCode/bank-account/bank-account/account.cmd/target/classes:/Users/arnabchakraborty/Desktop/SourceCode/bank-account/bank-account/account.common/target/account.common-1.0.0.jar:/Users/arnabchakraborty/.m2/repository/org/springframework/boot/spring-boot-starter/2.7.4/spring-boot-starter-2.7.4.jar:/Users/arnabchakraborty/.m2/repository/org/springframework/boot/spring-boot/2.7.4/spring-boot-2.7.4.jar:/Users/arnabchakraborty/.m2/repository/org/springframework/boot/spring-boot-autoconfigure/2.7.4/spring-boot-autoconfigure-2.7.4.jar:/Users/arnabchakraborty/.m2/repository/org/springframework/boot/spring-boot-starter-logging/2.7.4/spring-boot-starter-logging-2.7.4.jar:/Users/arnabchakraborty/.m2/repository/ch/qos/logback/logback-classic/1.2.11/logback-classic-1.2.11.jar:/Users/arnabchakraborty/.m2/repository/ch/qos/logback/logback-core/1.2.11/logback-core-1.2.11.jar:/Users/arnabchakraborty/.m2/repository/org/apache/logging/log4j/log4j-to-slf4j/2.17.2/log4j-to-slf4j-2.17.2.jar:/Users/arnabchakraborty/.m2/repository/org/apache/logging/log4j/log4j-api/2.17.2/log4j-api-2.17.2.jar:/Users/arnabchakraborty/.m2/repository/org/slf4j/jul-to-slf4j/1.7.36/jul-to-slf4j-1.7.36.jar:/Users/arnabchakraborty/.m2/repository/jakarta/annotation/jakarta.annotation-api/1.3.5/jakarta.annotation-api-1.3.5.jar:/Users/arnabchakraborty/.m2/repository/org/yaml/snakeyaml/1.30/snakeyaml-1.30.jar:/Users/arnabchakraborty/Desktop/SourceCode/bank-account/cqrs-es/cqrs.core/target/cqrs.core-1.0.0.jar:/Users/arnabchakraborty/.m2/repository/org/springframework/boot/spring-boot-starter-data-mongodb/2.7.4/spring-boot-starter-data-mongodb-2.7.4.jar:/Users/arnabchakraborty/.m2/repository/org/mongodb/mongodb-driver-sync/4.6.1/mongodb-driver-sync-4.6.1.jar:/Users/arnabchakraborty/.m2/repository/org/mongodb/bson/4.6.1/bson-4.6.1.jar:/Users/arnabchakraborty/.m2/repository/org/mongodb/mongodb-driver-core/4.6.1/mongodb-driver-core-4.6.1.jar:/Users/arnabchakraborty/.m2/repository/org/mongodb/bson-record-codec/4.6.1/bson-record-codec-4.6.1.jar:/Users/arnabchakraborty/.m2/repository/org/springframework/data/spring-data-mongodb/3.4.3/spring-data-mongodb-3.4.3.jar:/Users/arnabchakraborty/.m2/repository/org/springframework/spring-beans/5.3.23/spring-beans-5.3.23.jar:/Users/arnabchakraborty/.m2/repository/org/springframework/spring-expression/5.3.23/spring-expression-5.3.23.jar:/Users/arnabchakraborty/.m2/repository/org/springframework/data/spring-data-commons/2.7.3/spring-data-commons-2.7.3.jar:/Users/arnabchakraborty/.m2/repository/org/slf4j/slf4j-api/1.7.36/slf4j-api-1.7.36.jar:/Users/arnabchakraborty/.m2/repository/org/springframework/boot/spring-boot-starter-web/2.7.4/spring-boot-starter-web-2.7.4.jar:/Users/arnabchakraborty/.m2/repository/org/springframework/boot/spring-boot-starter-json/2.7.4/spring-boot-starter-json-2.7.4.jar:/Users/arnabchakraborty/.m2/repository/com/fasterxml/jackson/core/jackson-databind/2.13.4/jackson-databind-2.13.4.jar:/Users/arnabchakraborty/.m2/repository/com/fasterxml/jackson/core/jackson-annotations/2.13.4/jackson-annotations-2.13.4.jar:/Users/arnabchakraborty/.m2/repository/com/fasterxml/jackson/core/jackson-core/2.13.4/jackson-core-2.13.4.jar:/Users/arnabchakraborty/.m2/repository/com/fasterxml/jackson/datatype/jackson-datatype-jdk8/2.13.4/jackson-datatype-jdk8-2.13.4.jar:/Users/arnabchakraborty/.m2/repository/com/fasterxml/jackson/datatype/jackson-datatype-jsr310/2.13.4/jackson-datatype-jsr310-2.13.4.jar:/Users/arnabchakraborty/.m2/repository/com/fasterxml/jackson/module/jackson-module-parameter-names/2.13.4/jackson-module-parameter-names-2.13.4.jar:/Users/arnabchakraborty/.m2/repository/org/springframework/boot/spring-boot-starter-tomcat/2.7.4/spring-boot-starter-tomcat-2.7.4.jar:/Users/arnabchakraborty/.m2/repository/org/apache/tomcat/embed/tomcat-embed-core/9.0.65/tomcat-embed-core-9.0.65.jar:/Users/arnabchakraborty/.m2/repository/org/apache/tomcat/embed/tomcat-embed-el/9.0.65/tomcat-embed-el-9.0.65.jar:/Users/arnabchakraborty/.m2/repository/org/apache/tomcat/embed/tomcat-embed-websocket/9.0.65/tomcat-embed-websocket-9.0.65.jar:/Users/arnabchakraborty/.m2/repository/org/springframework/spring-web/5.3.23/spring-web-5.3.23.jar:/Users/arnabchakraborty/.m2/repository/org/springframework/spring-webmvc/5.3.23/spring-webmvc-5.3.23.jar:/Users/arnabchakraborty/.m2/repository/org/springframework/spring-aop/5.3.23/spring-aop-5.3.23.jar:/Users/arnabchakraborty/.m2/repository/org/springframework/kafka/spring-kafka/2.8.9/spring-kafka-2.8.9.jar:/Users/arnabchakraborty/.m2/repository/org/springframework/spring-context/5.3.23/spring-context-5.3.23.jar:/Users/arnabchakraborty/.m2/repository/org/springframework/spring-messaging/5.3.23/spring-messaging-5.3.23.jar:/Users/arnabchakraborty/.m2/repository/org/springframework/spring-tx/5.3.23/spring-tx-5.3.23.jar:/Users/arnabchakraborty/.m2/repository/org/springframework/retry/spring-retry/1.3.3/spring-retry-1.3.3.jar:/Users/arnabchakraborty/.m2/repository/org/apache/kafka/kafka-clients/3.1.2/kafka-clients-3.1.2.jar:/Users/arnabchakraborty/.m2/repository/com/github/luben/zstd-jni/1.5.0-4/zstd-jni-1.5.0-4.jar:/Users/arnabchakraborty/.m2/repository/org/lz4/lz4-java/1.8.0/lz4-java-1.8.0.jar:/Users/arnabchakraborty/.m2/repository/org/xerial/snappy/snappy-java/1.1.8.4/snappy-java-1.1.8.4.jar:/Users/arnabchakraborty/.m2/repository/com/google/code/findbugs/jsr305/3.0.2/jsr305-3.0.2.jar:/Users/arnabchakraborty/.m2/repository/org/projectlombok/lombok/1.18.24/lombok-1.18.24.jar:/Users/arnabchakraborty/.m2/repository/org/springframework/boot/spring-boot-starter-test/2.7.4/spring-boot-starter-test-2.7.4.jar:/Users/arnabchakraborty/.m2/repository/org/springframework/boot/spring-boot-test/2.7.4/spring-boot-test-2.7.4.jar:/Users/arnabchakraborty/.m2/repository/org/springframework/boot/spring-boot-test-autoconfigure/2.7.4/spring-boot-test-autoconfigure-2.7.4.jar:/Users/arnabchakraborty/.m2/repository/com/jayway/jsonpath/json-path/2.7.0/json-path-2.7.0.jar:/Users/arnabchakraborty/.m2/repository/net/minidev/json-smart/2.4.8/json-smart-2.4.8.jar:/Users/arnabchakraborty/.m2/repository/net/minidev/accessors-smart/2.4.8/accessors-smart-2.4.8.jar:/Users/arnabchakraborty/.m2/repository/org/ow2/asm/asm/9.1/asm-9.1.jar:/Users/arnabchakraborty/.m2/repository/jakarta/xml/bind/jakarta.xml.bind-api/2.3.3/jakarta.xml.bind-api-2.3.3.jar:/Users/arnabchakraborty/.m2/repository/jakarta/activation/jakarta.activation-api/1.2.2/jakarta.activation-api-1.2.2.jar:/Users/arnabchakraborty/.m2/repository/org/assertj/assertj-core/3.22.0/assertj-core-3.22.0.jar:/Users/arnabchakraborty/.m2/repository/org/hamcrest/hamcrest/2.2/hamcrest-2.2.jar:/Users/arnabchakraborty/.m2/repository/org/junit/jupiter/junit-jupiter/5.8.2/junit-jupiter-5.8.2.jar:/Users/arnabchakraborty/.m2/repository/org/junit/jupiter/junit-jupiter-params/5.8.2/junit-jupiter-params-5.8.2.jar:/Users/arnabchakraborty/.m2/repository/org/junit/jupiter/junit-jupiter-engine/5.8.2/junit-jupiter-engine-5.8.2.jar:/Users/arnabchakraborty/.m2/repository/org/junit/platform/junit-platform-engine/1.8.2/junit-platform-engine-1.8.2.jar:/Users/arnabchakraborty/.m2/repository/org/mockito/mockito-core/4.5.1/mockito-core-4.5.1.jar:/Users/arnabchakraborty/.m2/repository/net/bytebuddy/byte-buddy/1.12.17/byte-buddy-1.12.17.jar:/Users/arnabchakraborty/.m2/repository/net/bytebuddy/byte-buddy-agent/1.12.17/byte-buddy-agent-1.12.17.jar:/Users/arnabchakraborty/.m2/repository/org/objenesis/objenesis/3.2/objenesis-3.2.jar:/Users/arnabchakraborty/.m2/repository/org/mockito/mockito-junit-jupiter/4.5.1/mockito-junit-jupiter-4.5.1.jar:/Users/arnabchakraborty/.m2/repository/org/skyscreamer/jsonassert/1.5.1/jsonassert-1.5.1.jar:/Users/arnabchakraborty/.m2/repository/com/vaadin/external/google/android-json/0.0.20131108.vaadin1/android-json-0.0.20131108.vaadin1.jar:/Users/arnabchakraborty/.m2/repository/org/springframework/spring-core/5.3.23/spring-core-5.3.23.jar:/Users/arnabchakraborty/.m2/repository/org/springframework/spring-jcl/5.3.23/spring-jcl-5.3.23.jar:/Users/arnabchakraborty/.m2/repository/org/springframework/spring-test/5.3.23/spring-test-5.3.23.jar:/Users/arnabchakraborty/.m2/repository/org/xmlunit/xmlunit-core/2.9.0/xmlunit-core-2.9.0.jar:/Users/arnabchakraborty/.m2/repository/org/springframework/kafka/spring-kafka-test/2.8.9/spring-kafka-test-2.8.9.jar:/Users/arnabchakraborty/.m2/repository/org/apache/zookeeper/zookeeper/3.6.3/zookeeper-3.6.3.jar:/Users/arnabchakraborty/.m2/repository/org/apache/zookeeper/zookeeper-jute/3.6.3/zookeeper-jute-3.6.3.jar:/Users/arnabchakraborty/.m2/repository/org/apache/yetus/audience-annotations/0.5.0/audience-annotations-0.5.0.jar:/Users/arnabchakraborty/.m2/repository/io/netty/netty-handler/4.1.82.Final/netty-handler-4.1.82.Final.jar:/Users/arnabchakraborty/.m2/repository/io/netty/netty-common/4.1.82.Final/netty-common-4.1.82.Final.jar:/Users/arnabchakraborty/.m2/repository/io/netty/netty-resolver/4.1.82.Final/netty-resolver-4.1.82.Final.jar:/Users/arnabchakraborty/.m2/repository/io/netty/netty-buffer/4.1.82.Final/netty-buffer-4.1.82.Final.jar:/Users/arnabchakraborty/.m2/repository/io/netty/netty-transport/4.1.82.Final/netty-transport-4.1.82.Final.jar:/Users/arnabchakraborty/.m2/repository/io/netty/netty-transport-native-unix-common/4.1.82.Final/netty-transport-native-unix-common-4.1.82.Final.jar:/Users/arnabchakraborty/.m2/repository/io/netty/netty-codec/4.1.82.Final/netty-codec-4.1.82.Final.jar:/Users/arnabchakraborty/.m2/repository/io/netty/netty-transport-native-epoll/4.1.82.Final/netty-transport-native-epoll-4.1.82.Final.jar:/Users/arnabchakraborty/.m2/repository/io/netty/netty-transport-classes-epoll/4.1.82.Final/netty-transport-classes-epoll-4.1.82.Final.jar:/Users/arnabchakraborty/.m2/repository/org/apache/kafka/kafka-clients/3.1.2/kafka-clients-3.1.2-test.jar:/Users/arnabchakraborty/.m2/repository/org/apache/kafka/kafka-metadata/3.1.2/kafka-metadata-3.1.2.jar:/Users/arnabchakraborty/.m2/repository/org/apache/kafka/kafka-server-common/3.1.2/kafka-server-common-3.1.2.jar:/Users/arnabchakraborty/.m2/repository/org/apache/kafka/kafka-raft/3.1.2/kafka-raft-3.1.2.jar:/Users/arnabchakraborty/.m2/repository/com/yammer/metrics/metrics-core/2.2.0/metrics-core-2.2.0.jar:/Users/arnabchakraborty/.m2/repository/org/apache/kafka/kafka-streams-test-utils/3.1.2/kafka-streams-test-utils-3.1.2.jar:/Users/arnabchakraborty/.m2/repository/org/apache/kafka/kafka-streams/3.1.2/kafka-streams-3.1.2.jar:/Users/arnabchakraborty/.m2/repository/org/rocksdb/rocksdbjni/6.22.1.1/rocksdbjni-6.22.1.1.jar:/Users/arnabchakraborty/.m2/repository/org/apache/kafka/kafka_2.13/3.1.2/kafka_2.13-3.1.2.jar:/Users/arnabchakraborty/.m2/repository/org/scala-lang/scala-library/2.13.6/scala-library-2.13.6.jar:/Users/arnabchakraborty/.m2/repository/org/apache/kafka/kafka-storage/3.1.2/kafka-storage-3.1.2.jar:/Users/arnabchakraborty/.m2/repository/org/apache/kafka/kafka-storage-api/3.1.2/kafka-storage-api-3.1.2.jar:/Users/arnabchakraborty/.m2/repository/net/sourceforge/argparse4j/argparse4j/0.7.0/argparse4j-0.7.0.jar:/Users/arnabchakraborty/.m2/repository/com/fasterxml/jackson/module/jackson-module-scala_2.13/2.13.4/jackson-module-scala_2.13-2.13.4.jar:/Users/arnabchakraborty/.m2/repository/com/thoughtworks/paranamer/paranamer/2.8/paranamer-2.8.jar:/Users/arnabchakraborty/.m2/repository/com/fasterxml/jackson/dataformat/jackson-dataformat-csv/2.13.4/jackson-dataformat-csv-2.13.4.jar:/Users/arnabchakraborty/.m2/repository/net/sf/jopt-simple/jopt-simple/5.0.4/jopt-simple-5.0.4.jar:/Users/arnabchakraborty/.m2/repository/org/bitbucket/b_c/jose4j/0.7.8/jose4j-0.7.8.jar:/Users/arnabchakraborty/.m2/repository/org/scala-lang/modules/scala-collection-compat_2.13/2.4.4/scala-collection-compat_2.13-2.4.4.jar:/Users/arnabchakraborty/.m2/repository/org/scala-lang/modules/scala-java8-compat_2.13/1.0.0/scala-java8-compat_2.13-1.0.0.jar:/Users/arnabchakraborty/.m2/repository/org/scala-lang/scala-reflect/2.13.6/scala-reflect-2.13.6.jar:/Users/arnabchakraborty/.m2/repository/com/typesafe/scala-logging/scala-logging_2.13/3.9.3/scala-logging_2.13-3.9.3.jar:/Users/arnabchakraborty/.m2/repository/io/dropwizard/metrics/metrics-core/4.2.12/metrics-core-4.2.12.jar:/Users/arnabchakraborty/.m2/repository/commons-cli/commons-cli/1.4/commons-cli-1.4.jar:/Users/arnabchakraborty/.m2/repository/org/apache/kafka/kafka_2.13/3.1.2/kafka_2.13-3.1.2-test.jar:/Users/arnabchakraborty/.m2/repository/org/junit/jupiter/junit-jupiter-api/5.8.2/junit-jupiter-api-5.8.2.jar:/Users/arnabchakraborty/.m2/repository/org/opentest4j/opentest4j/1.2.0/opentest4j-1.2.0.jar:/Users/arnabchakraborty/.m2/repository/org/junit/platform/junit-platform-commons/1.8.2/junit-platform-commons-1.8.2.jar:/Users/arnabchakraborty/.m2/repository/org/apiguardian/apiguardian-api/1.1.2/apiguardian-api-1.1.2.jar:"/>
    <property name="java.vm.vendor" value="Homebrew"/>
    <property name="sun.arch.data.model" value="64"/>
    <property name="java.vendor.url" value="https://github.com/Homebrew/homebrew-core/issues"/>
    <property name="os.name" value="Mac OS X"/>
    <property name="java.vm.specification.version" value="18"/>
    <property name="sun.java.launcher" value="SUN_STANDARD"/>
    <property name="user.country" value="US"/>
    <property name="sun.boot.library.path" value="/opt/homebrew/Cellar/openjdk/18.0.1.1/libexec/openjdk.jdk/Contents/Home/lib"/>
    <property name="sun.java.command" value="/Users/arnabchakraborty/Desktop/SourceCode/bank-account/bank-account/account.cmd/target/surefire/surefirebooter5595921266662619626.jar /Users/arnabchakraborty/Desktop/SourceCode/bank-account/bank-account/account.cmd/target/surefire 2023-02-01T14-24-28_278-jvmRun1 surefire3063970174797272055tmp surefire_09540209447332412065tmp"/>
    <property name="http.nonProxyHosts" value="local|*.local|169.254/16|*.169.254/16"/>
    <property name="jdk.debug" value="release"/>
    <property name="surefire.test.class.path" value="/Users/arnabchakraborty/Desktop/SourceCode/bank-account/bank-account/account.cmd/target/test-classes:/Users/arnabchakraborty/Desktop/SourceCode/bank-account/bank-account/account.cmd/target/classes:/Users/arnabchakraborty/Desktop/SourceCode/bank-account/bank-account/account.common/target/account.common-1.0.0.jar:/Users/arnabchakraborty/.m2/repository/org/springframework/boot/spring-boot-starter/2.7.4/spring-boot-starter-2.7.4.jar:/Users/arnabchakraborty/.m2/repository/org/springframework/boot/spring-boot/2.7.4/spring-boot-2.7.4.jar:/Users/arnabchakraborty/.m2/repository/org/springframework/boot/spring-boot-autoconfigure/2.7.4/spring-boot-autoconfigure-2.7.4.jar:/Users/arnabchakraborty/.m2/repository/org/springframework/boot/spring-boot-starter-logging/2.7.4/spring-boot-starter-logging-2.7.4.jar:/Users/arnabchakraborty/.m2/repository/ch/qos/logback/logback-classic/1.2.11/logback-classic-1.2.11.jar:/Users/arnabchakraborty/.m2/repository/ch/qos/logback/logback-core/1.2.11/logback-core-1.2.11.jar:/Users/arnabchakraborty/.m2/repository/org/apache/logging/log4j/log4j-to-slf4j/2.17.2/log4j-to-slf4j-2.17.2.jar:/Users/arnabchakraborty/.m2/repository/org/apache/logging/log4j/log4j-api/2.17.2/log4j-api-2.17.2.jar:/Users/arnabchakraborty/.m2/repository/org/slf4j/jul-to-slf4j/1.7.36/jul-to-slf4j-1.7.36.jar:/Users/arnabchakraborty/.m2/repository/jakarta/annotation/jakarta.annotation-api/1.3.5/jakarta.annotation-api-1.3.5.jar:/Users/arnabchakraborty/.m2/repository/org/yaml/snakeyaml/1.30/snakeyaml-1.30.jar:/Users/arnabchakraborty/Desktop/SourceCode/bank-account/cqrs-es/cqrs.core/target/cqrs.core-1.0.0.jar:/Users/arnabchakraborty/.m2/repository/org/springframework/boot/spring-boot-starter-data-mongodb/2.7.4/spring-boot-starter-data-mongodb-2.7.4.jar:/Users/arnabchakraborty/.m2/repository/org/mongodb/mongodb-driver-sync/4.6.1/mongodb-driver-sync-4.6.1.jar:/Users/arnabchakraborty/.m2/repository/org/mongodb/bson/4.6.1/bson-4.6.1.jar:/Users/arnabchakraborty/.m2/repository/org/mongodb/mongodb-driver-core/4.6.1/mongodb-driver-core-4.6.1.jar:/Users/arnabchakraborty/.m2/repository/org/mongodb/bson-record-codec/4.6.1/bson-record-codec-4.6.1.jar:/Users/arnabchakraborty/.m2/repository/org/springframework/data/spring-data-mongodb/3.4.3/spring-data-mongodb-3.4.3.jar:/Users/arnabchakraborty/.m2/repository/org/springframework/spring-beans/5.3.23/spring-beans-5.3.23.jar:/Users/arnabchakraborty/.m2/repository/org/springframework/spring-expression/5.3.23/spring-expression-5.3.23.jar:/Users/arnabchakraborty/.m2/repository/org/springframework/data/spring-data-commons/2.7.3/spring-data-commons-2.7.3.jar:/Users/arnabchakraborty/.m2/repository/org/slf4j/slf4j-api/1.7.36/slf4j-api-1.7.36.jar:/Users/arnabchakraborty/.m2/repository/org/springframework/boot/spring-boot-starter-web/2.7.4/spring-boot-starter-web-2.7.4.jar:/Users/arnabchakraborty/.m2/repository/org/springframework/boot/spring-boot-starter-json/2.7.4/spring-boot-starter-json-2.7.4.jar:/Users/arnabchakraborty/.m2/repository/com/fasterxml/jackson/core/jackson-databind/2.13.4/jackson-databind-2.13.4.jar:/Users/arnabchakraborty/.m2/repository/com/fasterxml/jackson/core/jackson-annotations/2.13.4/jackson-annotations-2.13.4.jar:/Users/arnabchakraborty/.m2/repository/com/fasterxml/jackson/core/jackson-core/2.13.4/jackson-core-2.13.4.jar:/Users/arnabchakraborty/.m2/repository/com/fasterxml/jackson/datatype/jackson-datatype-jdk8/2.13.4/jackson-datatype-jdk8-2.13.4.jar:/Users/arnabchakraborty/.m2/repository/com/fasterxml/jackson/datatype/jackson-datatype-jsr310/2.13.4/jackson-datatype-jsr310-2.13.4.jar:/Users/arnabchakraborty/.m2/repository/com/fasterxml/jackson/module/jackson-module-parameter-names/2.13.4/jackson-module-parameter-names-2.13.4.jar:/Users/arnabchakraborty/.m2/repository/org/springframework/boot/spring-boot-starter-tomcat/2.7.4/spring-boot-starter-tomcat-2.7.4.jar:/Users/arnabchakraborty/.m2/repository/org/apache/tomcat/embed/tomcat-embed-core/9.0.65/tomcat-embed-core-9.0.65.jar:/Users/arnabchakraborty/.m2/repository/org/apache/tomcat/embed/tomcat-embed-el/9.0.65/tomcat-embed-el-9.0.65.jar:/Users/arnabchakraborty/.m2/repository/org/apache/tomcat/embed/tomcat-embed-websocket/9.0.65/tomcat-embed-websocket-9.0.65.jar:/Users/arnabchakraborty/.m2/repository/org/springframework/spring-web/5.3.23/spring-web-5.3.23.jar:/Users/arnabchakraborty/.m2/repository/org/springframework/spring-webmvc/5.3.23/spring-webmvc-5.3.23.jar:/Users/arnabchakraborty/.m2/repository/org/springframework/spring-aop/5.3.23/spring-aop-5.3.23.jar:/Users/arnabchakraborty/.m2/repository/org/springframework/kafka/spring-kafka/2.8.9/spring-kafka-2.8.9.jar:/Users/arnabchakraborty/.m2/repository/org/springframework/spring-context/5.3.23/spring-context-5.3.23.jar:/Users/arnabchakraborty/.m2/repository/org/springframework/spring-messaging/5.3.23/spring-messaging-5.3.23.jar:/Users/arnabchakraborty/.m2/repository/org/springframework/spring-tx/5.3.23/spring-tx-5.3.23.jar:/Users/arnabchakraborty/.m2/repository/org/springframework/retry/spring-retry/1.3.3/spring-retry-1.3.3.jar:/Users/arnabchakraborty/.m2/repository/org/apache/kafka/kafka-clients/3.1.2/kafka-clients-3.1.2.jar:/Users/arnabchakraborty/.m2/repository/com/github/luben/zstd-jni/1.5.0-4/zstd-jni-1.5.0-4.jar:/Users/arnabchakraborty/.m2/repository/org/lz4/lz4-java/1.8.0/lz4-java-1.8.0.jar:/Users/arnabchakraborty/.m2/repository/org/xerial/snappy/snappy-java/1.1.8.4/snappy-java-1.1.8.4.jar:/Users/arnabchakraborty/.m2/repository/com/google/code/findbugs/jsr305/3.0.2/jsr305-3.0.2.jar:/Users/arnabchakraborty/.m2/repository/org/projectlombok/lombok/1.18.24/lombok-1.18.24.jar:/Users/arnabchakraborty/.m2/repository/org/springframework/boot/spring-boot-starter-test/2.7.4/spring-boot-starter-test-2.7.4.jar:/Users/arnabchakraborty/.m2/repository/org/springframework/boot/spring-boot-test/2.7.4/spring-boot-test-2.7.4.jar:/Users/arnabchakraborty/.m2/repository/org/springframework/boot/spring-boot-test-autoconfigure/2.7.4/spring-boot-test-autoconfigure-2.7.4.jar:/Users/arnabchakraborty/.m2/repository/com/jayway/jsonpath/json-path/2.7.0/json-path-2.7.0.jar:/Users/arnabchakraborty/.m2/repository/net/minidev/json-smart/2.4.8/json-smart-2.4.8.jar:/Users/arnabchakraborty/.m2/repository/net/minidev/accessors-smart/2.4.8/accessors-smart-2.4.8.jar:/Users/arnabchakraborty/.m2/repository/org/ow2/asm/asm/9.1/asm-9.1.jar:/Users/arnabchakraborty/.m2/repository/jakarta/xml/bind/jakarta.xml.bind-api/2.3.3/jakarta.xml.bind-api-2.3.3.jar:/Users/arnabchakraborty/.m2/repository/jakarta/activation/jakarta.activation-api/1.2.2/jakarta.activation-api-1.2.2.jar:/Users/arnabchakraborty/.m2/repository/org/assertj/assertj-core/3.22.0/assertj-core-3.22.0.jar:/Users/arnabchakraborty/.m2/repository/org/hamcrest/hamcrest/2.2/hamcrest-2.2.jar:/Users/arnabchakraborty/.m2/repository/org/junit/jupiter/junit-jupiter/5.8.2/junit-jupiter-5.8.2.jar:/Users/arnabchakraborty/.m2/repository/org/junit/jupiter/junit-jupiter-params/5.8.2/junit-jupiter-params-5.8.2.jar:/Users/arnabchakraborty/.m2/repository/org/junit/jupiter/junit-jupiter-engine/5.8.2/junit-jupiter-engine-5.8.2.jar:/Users/arnabchakraborty/.m2/repository/org/junit/platform/junit-platform-engine/1.8.2/junit-platform-engine-1.8.2.jar:/Users/arnabchakraborty/.m2/repository/org/mockito/mockito-core/4.5.1/mockito-core-4.5.1.jar:/Users/arnabchakraborty/.m2/repository/net/bytebuddy/byte-buddy/1.12.17/byte-buddy-1.12.17.jar:/Users/arnabchakraborty/.m2/repository/net/bytebuddy/byte-buddy-agent/1.12.17/byte-buddy-agent-1.12.17.jar:/Users/arnabchakraborty/.m2/repository/org/objenesis/objenesis/3.2/objenesis-3.2.jar:/Users/arnabchakraborty/.m2/repository/org/mockito/mockito-junit-jupiter/4.5.1/mockito-junit-jupiter-4.5.1.jar:/Users/arnabchakraborty/.m2/repository/org/skyscreamer/jsonassert/1.5.1/jsonassert-1.5.1.jar:/Users/arnabchakraborty/.m2/repository/com/vaadin/external/google/android-json/0.0.20131108.vaadin1/android-json-0.0.20131108.vaadin1.jar:/Users/arnabchakraborty/.m2/repository/org/springframework/spring-core/5.3.23/spring-core-5.3.23.jar:/Users/arnabchakraborty/.m2/repository/org/springframework/spring-jcl/5.3.23/spring-jcl-5.3.23.jar:/Users/arnabchakraborty/.m2/repository/org/springframework/spring-test/5.3.23/spring-test-5.3.23.jar:/Users/arnabchakraborty/.m2/repository/org/xmlunit/xmlunit-core/2.9.0/xmlunit-core-2.9.0.jar:/Users/arnabchakraborty/.m2/repository/org/springframework/kafka/spring-kafka-test/2.8.9/spring-kafka-test-2.8.9.jar:/Users/arnabchakraborty/.m2/repository/org/apache/zookeeper/zookeeper/3.6.3/zookeeper-3.6.3.jar:/Users/arnabchakraborty/.m2/repository/org/apache/zookeeper/zookeeper-jute/3.6.3/zookeeper-jute-3.6.3.jar:/Users/arnabchakraborty/.m2/repository/org/apache/yetus/audience-annotations/0.5.0/audience-annotations-0.5.0.jar:/Users/arnabchakraborty/.m2/repository/io/netty/netty-handler/4.1.82.Final/netty-handler-4.1.82.Final.jar:/Users/arnabchakraborty/.m2/repository/io/netty/netty-common/4.1.82.Final/netty-common-4.1.82.Final.jar:/Users/arnabchakraborty/.m2/repository/io/netty/netty-resolver/4.1.82.Final/netty-resolver-4.1.82.Final.jar:/Users/arnabchakraborty/.m2/repository/io/netty/netty-buffer/4.1.82.Final/netty-buffer-4.1.82.Final.jar:/Users/arnabchakraborty/.m2/repository/io/netty/netty-transport/4.1.82.Final/netty-transport-4.1.82.Final.jar:/Users/arnabchakraborty/.m2/repository/io/netty/netty-transport-native-unix-common/4.1.82.Final/netty-transport-native-unix-common-4.1.82.Final.jar:/Users/arnabchakraborty/.m2/repository/io/netty/netty-codec/4.1.82.Final/netty-codec-4.1.82.Final.jar:/Users/arnabchakraborty/.m2/repository/io/netty/netty-transport-native-epoll/4.1.82.Final/netty-transport-native-epoll-4.1.82.Final.jar:/Users/arnabchakraborty/.m2/repository/io/netty/netty-transport-classes-epoll/4.1.82.Final/netty-transport-classes-epoll-4.1.82.Final.jar:/Users/arnabchakraborty/.m2/repository/org/apache/kafka/kafka-clients/3.1.2/kafka-clients-3.1.2-test.jar:/Users/arnabchakraborty/.m2/repository/org/apache/kafka/kafka-metadata/3.1.2/kafka-metadata-3.1.2.jar:/Users/arnabchakraborty/.m2/repository/org/apache/kafka/kafka-server-common/3.1.2/kafka-server-common-3.1.2.jar:/Users/arnabchakraborty/.m2/repository/org/apache/kafka/kafka-raft/3.1.2/kafka-raft-3.1.2.jar:/Users/arnabchakraborty/.m2/repository/com/yammer/metrics/metrics-core/2.2.0/metrics-core-2.2.0.jar:/Users/arnabchakraborty/.m2/repository/org/apache/kafka/kafka-streams-test-utils/3.1.2/kafka-streams-test-utils-3.1.2.jar:/Users/arnabchakraborty/.m2/repository/org/apache/kafka/kafka-streams/3.1.2/kafka-streams-3.1.2.jar:/Users/arnabchakraborty/.m2/repository/org/rocksdb/rocksdbjni/6.22.1.1/rocksdbjni-6.22.1.1.jar:/Users/arnabchakraborty/.m2/repository/org/apache/kafka/kafka_2.13/3.1.2/kafka_2.13-3.1.2.jar:/Users/arnabchakraborty/.m2/repository/org/scala-lang/scala-library/2.13.6/scala-library-2.13.6.jar:/Users/arnabchakraborty/.m2/repository/org/apache/kafka/kafka-storage/3.1.2/kafka-storage-3.1.2.jar:/Users/arnabchakraborty/.m2/repository/org/apache/kafka/kafka-storage-api/3.1.2/kafka-storage-api-3.1.2.jar:/Users/arnabchakraborty/.m2/repository/net/sourceforge/argparse4j/argparse4j/0.7.0/argparse4j-0.7.0.jar:/Users/arnabchakraborty/.m2/repository/com/fasterxml/jackson/module/jackson-module-scala_2.13/2.13.4/jackson-module-scala_2.13-2.13.4.jar:/Users/arnabchakraborty/.m2/repository/com/thoughtworks/paranamer/paranamer/2.8/paranamer-2.8.jar:/Users/arnabchakraborty/.m2/repository/com/fasterxml/jackson/dataformat/jackson-dataformat-csv/2.13.4/jackson-dataformat-csv-2.13.4.jar:/Users/arnabchakraborty/.m2/repository/net/sf/jopt-simple/jopt-simple/5.0.4/jopt-simple-5.0.4.jar:/Users/arnabchakraborty/.m2/repository/org/bitbucket/b_c/jose4j/0.7.8/jose4j-0.7.8.jar:/Users/arnabchakraborty/.m2/repository/org/scala-lang/modules/scala-collection-compat_2.13/2.4.4/scala-collection-compat_2.13-2.4.4.jar:/Users/arnabchakraborty/.m2/repository/org/scala-lang/modules/scala-java8-compat_2.13/1.0.0/scala-java8-compat_2.13-1.0.0.jar:/Users/arnabchakraborty/.m2/repository/org/scala-lang/scala-reflect/2.13.6/scala-reflect-2.13.6.jar:/Users/arnabchakraborty/.m2/repository/com/typesafe/scala-logging/scala-logging_2.13/3.9.3/scala-logging_2.13-3.9.3.jar:/Users/arnabchakraborty/.m2/repository/io/dropwizard/metrics/metrics-core/4.2.12/metrics-core-4.2.12.jar:/Users/arnabchakraborty/.m2/repository/commons-cli/commons-cli/1.4/commons-cli-1.4.jar:/Users/arnabchakraborty/.m2/repository/org/apache/kafka/kafka_2.13/3.1.2/kafka_2.13-3.1.2-test.jar:/Users/arnabchakraborty/.m2/repository/org/junit/jupiter/junit-jupiter-api/5.8.2/junit-jupiter-api-5.8.2.jar:/Users/arnabchakraborty/.m2/repository/org/opentest4j/opentest4j/1.2.0/opentest4j-1.2.0.jar:/Users/arnabchakraborty/.m2/repository/org/junit/platform/junit-platform-commons/1.8.2/junit-platform-commons-1.8.2.jar:/Users/arnabchakraborty/.m2/repository/org/apiguardian/apiguardian-api/1.1.2/apiguardian-api-1.1.2.jar:"/>
    <property name="sun.cpu.endian" value="little"/>
    <property name="user.home" value="/Users/arnabchakraborty"/>
    <property name="user.language" value="en"/>
    <property name="java.specification.vendor" value="Oracle Corporation"/>
    <property name="java.version.date" value="2022-04-22"/>
    <property name="java.home" value="/opt/homebrew/Cellar/openjdk/18.0.1.1/libexec/openjdk.jdk/Contents/Home"/>
    <property name="file.separator" value="/"/>
    <property name="basedir" value="/Users/arnabchakraborty/Desktop/SourceCode/bank-account/bank-account/account.cmd"/>
    <property name="java.vm.compressedOopsMode" value="Zero based"/>
    <property name="line.separator" value="&#10;"/>
    <property name="java.vm.specification.vendor" value="Oracle Corporation"/>
    <property name="java.specification.name" value="Java Platform API Specification"/>
    <property name="apple.awt.application.name" value="ForkedBooter"/>
    <property name="surefire.real.class.path" value="/Users/arnabchakraborty/Desktop/SourceCode/bank-account/bank-account/account.cmd/target/surefire/surefirebooter5595921266662619626.jar"/>
    <property name="sun.management.compiler" value="HotSpot 64-Bit Tiered Compilers"/>
    <property name="ftp.nonProxyHosts" value="local|*.local|169.254/16|*.169.254/16"/>
    <property name="java.runtime.version" value="18.0.1.1+0"/>
    <property name="user.name" value="arnabchakraborty"/>
    <property name="path.separator" value=":"/>
    <property name="os.version" value="12.2"/>
    <property name="java.runtime.name" value="OpenJDK Runtime Environment"/>
    <property name="file.encoding" value="UTF-8"/>
    <property name="java.vm.name" value="OpenJDK 64-Bit Server VM"/>
    <property name="java.vendor.version" value="Homebrew"/>
    <property name="localRepository" value="/Users/arnabchakraborty/.m2/repository"/>
    <property name="java.vendor.url.bug" value="https://github.com/Homebrew/homebrew-core/issues"/>
    <property name="java.io.tmpdir" value="/var/folders/q6/9j_j7ll95p7439fbvx6xlv0r0000gn/T/"/>
    <property name="java.version" value="18.0.1.1"/>
    <property name="user.dir" value="/Users/arnabchakraborty/Desktop/SourceCode/bank-account/bank-account/account.cmd"/>
    <property name="os.arch" value="aarch64"/>
    <property name="java.vm.specification.name" value="Java Virtual Machine Specification"/>
    <property name="native.encoding" value="UTF-8"/>
    <property name="java.library.path" value="/Users/arnabchakraborty/Library/Java/Extensions:/Library/Java/Extensions:/Network/Library/Java/Extensions:/System/Library/Java/Extensions:/usr/lib/java:."/>
    <property name="java.vm.info" value="mixed mode, sharing"/>
    <property name="java.vendor" value="Homebrew"/>
    <property name="java.vm.version" value="18.0.1.1+0"/>
    <property name="sun.io.unicode.encoding" value="UnicodeBig"/>
    <property name="socksNonProxyHosts" value="local|*.local|169.254/16|*.169.254/16"/>
    <property name="java.class.version" value="62.0"/>
  </properties>
  <testcase name="contextLoads" classname="com.techbank.account.cmd.ApplicationTests" time="0.167"/>
</testsuite>